Connecting to database specified by database.yml
DEPRECATION WARNING: Passing a block to devise_for is deprecated. Please remove the block from devise_for (only the block, the call to devise_for must still exist) and call devise_scope :user do ... end with the block instead. (called from block in <top (required)> at /Users/abhiramesh/rails_projects/mortgage_4/config/routes.rb:3)


Started GET "/" for 127.0.0.1 at 2013-04-27 16:31:33 -0700
Processing by StaticPagesController#home as HTML
Connecting to database specified by database.yml
  Rendered users/_form2.html.erb (3.2ms)
  Rendered users/_form3.html.erb (186.2ms)
  Rendered users/_form4.html.erb (3.0ms)
  Rendered users/_form5.html.erb (2.2ms)
  Rendered static_pages/home.html.erb within layouts/application (270.8ms)
Compiled registration.css  (97ms)  (pid 714)
Compiled scaffolds.css  (4355ms)  (pid 714)
Compiled static_pages.css  (2ms)  (pid 714)
Compiled users.css  (2ms)  (pid 714)
Compiled application.css  (4736ms)  (pid 714)
Compiled jquery.js  (2ms)  (pid 714)
Compiled jquery_ujs.js  (0ms)  (pid 714)
Compiled registration.js  (193ms)  (pid 714)
Compiled static_pages.js  (116ms)  (pid 714)
Compiled users.js  (88ms)  (pid 714)
Compiled application.js  (540ms)  (pid 714)
Completed 200 OK in 6553ms (Views: 5819.9ms | ActiveRecord: 560.6ms)


Started GET "/assets/scaffolds.css?body=1" for 127.0.0.1 at 2013-04-27 16:31:40 -0700
Served asset /scaffolds.css - 200 OK (8ms)


Started GET "/assets/static_pages.css?body=1" for 127.0.0.1 at 2013-04-27 16:31:40 -0700
Served asset /static_pages.css - 200 OK (1ms)


Started GET "/assets/users.css?body=1" for 127.0.0.1 at 2013-04-27 16:31:40 -0700
Served asset /users.css - 200 OK (2ms)


Started GET "/assets/registration.css?body=1" for 127.0.0.1 at 2013-04-27 16:31:40 -0700
Served asset /registration.css - 200 OK (1ms)


Started GET "/assets/jquery.js?body=1" for 127.0.0.1 at 2013-04-27 16:31:40 -0700
Served asset /jquery.js - 200 OK (2ms)


Started GET "/assets/jquery_ujs.js?body=1" for 127.0.0.1 at 2013-04-27 16:31:40 -0700
Served asset /jquery_ujs.js - 200 OK (14ms)


Started GET "/assets/registration.js?body=1" for 127.0.0.1 at 2013-04-27 16:31:40 -0700
Served asset /registration.js - 200 OK (3ms)


Started GET "/assets/static_pages.js?body=1" for 127.0.0.1 at 2013-04-27 16:31:40 -0700
Served asset /static_pages.js - 200 OK (2ms)


Started GET "/assets/users.js?body=1" for 127.0.0.1 at 2013-04-27 16:31:40 -0700
Served asset /users.js - 200 OK (1ms)
Connecting to database specified by database.yml
DEPRECATION WARNING: Passing a block to devise_for is deprecated. Please remove the block from devise_for (only the block, the call to devise_for must still exist) and call devise_scope :user do ... end with the block instead. (called from block in <top (required)> at /Users/abhiramesh/rails_projects/mortgage_4/config/routes.rb:3)
  [1m[36m (81.4ms)[0m  [1mCREATE TABLE "schema_migrations" ("version" character varying(255) NOT NULL) [0m
  [1m[35m (3.1ms)[0m  CREATE UNIQUE INDEX "unique_schema_migrations" ON "schema_migrations" ("version")
  [1m[36m (374.9ms)[0m  [1mSELECT "schema_migrations"."version" FROM "schema_migrations" [0m
Migrating to CreateUsers (20130425195728)
  [1m[35m (0.5ms)[0m  BEGIN
  [1m[36m (8.0ms)[0m  [1mCREATE TABLE "users" ("id" serial primary key, "zipcode" character varying(255), "home_value" character varying(255), "mortgage_balance" character varying(255), "name" character varying(255), "email" character varying(255), "phone" character varying(255), "created_at" timestamp NOT NULL, "updated_at" timestamp NOT NULL) [0m
  [1m[35m (0.9ms)[0m  INSERT INTO "schema_migrations" ("version") VALUES ('20130425195728')
  [1m[36m (3.1ms)[0m  [1mCOMMIT[0m
Migrating to AddDeviseToUsers (20130425200059)
  [1m[35m (0.2ms)[0m  BEGIN
  [1m[36m (5.9ms)[0m  [1mALTER TABLE "users" ADD COLUMN "encrypted_password" character varying(255) DEFAULT '' NOT NULL[0m
  [1m[35m (0.3ms)[0m  ALTER TABLE "users" ADD COLUMN "reset_password_token" character varying(255)
  [1m[36m (0.3ms)[0m  [1mALTER TABLE "users" ADD COLUMN "reset_password_sent_at" timestamp[0m
  [1m[35m (0.3ms)[0m  ALTER TABLE "users" ADD COLUMN "remember_created_at" timestamp
  [1m[36m (5.3ms)[0m  [1mALTER TABLE "users" ADD COLUMN "sign_in_count" integer DEFAULT 0[0m
  [1m[35m (0.3ms)[0m  ALTER TABLE "users" ADD COLUMN "current_sign_in_at" timestamp
  [1m[36m (0.3ms)[0m  [1mALTER TABLE "users" ADD COLUMN "last_sign_in_at" timestamp[0m
  [1m[35m (0.2ms)[0m  ALTER TABLE "users" ADD COLUMN "current_sign_in_ip" character varying(255)
  [1m[36m (0.2ms)[0m  [1mALTER TABLE "users" ADD COLUMN "last_sign_in_ip" character varying(255)[0m
  [1m[35m (1.3ms)[0m  CREATE UNIQUE INDEX "index_users_on_email" ON "users" ("email")
  [1m[36m (1.8ms)[0m  [1mCREATE UNIQUE INDEX "index_users_on_reset_password_token" ON "users" ("reset_password_token")[0m
  [1m[35m (0.4ms)[0m  INSERT INTO "schema_migrations" ("version") VALUES ('20130425200059')
  [1m[36m (2.9ms)[0m  [1mCOMMIT[0m
  [1m[35m (0.3ms)[0m  SELECT "schema_migrations"."version" FROM "schema_migrations" 
Connecting to database specified by database.yml
DEPRECATION WARNING: Passing a block to devise_for is deprecated. Please remove the block from devise_for (only the block, the call to devise_for must still exist) and call devise_scope :user do ... end with the block instead. (called from block in <top (required)> at /Users/abhiramesh/rails_projects/mortgage_4/config/routes.rb:3)


Started GET "/" for 127.0.0.1 at 2013-04-27 16:32:14 -0700
Processing by StaticPagesController#home as HTML
  Rendered users/_form2.html.erb (0.8ms)
  Rendered users/_form3.html.erb (1.2ms)
  Rendered users/_form4.html.erb (1.1ms)
  Rendered users/_form5.html.erb (0.9ms)
  Rendered static_pages/home.html.erb within layouts/application (8.4ms)
Completed 200 OK in 104ms (Views: 15.6ms | ActiveRecord: 59.8ms)


Started GET "/assets/registration.css?body=1" for 127.0.0.1 at 2013-04-27 16:32:14 -0700
Served asset /registration.css - 304 Not Modified (0ms)


Started GET "/assets/users.css?body=1" for 127.0.0.1 at 2013-04-27 16:32:14 -0700
Served asset /users.css - 304 Not Modified (0ms)


Started GET "/assets/jquery_ujs.js?body=1" for 127.0.0.1 at 2013-04-27 16:32:14 -0700
Served asset /jquery_ujs.js - 304 Not Modified (0ms)


Started GET "/assets/scaffolds.css?body=1" for 127.0.0.1 at 2013-04-27 16:32:14 -0700
Served asset /scaffolds.css - 304 Not Modified (0ms)


Started GET "/assets/static_pages.css?body=1" for 127.0.0.1 at 2013-04-27 16:32:14 -0700
Served asset /static_pages.css - 304 Not Modified (0ms)


Started GET "/assets/jquery.js?body=1" for 127.0.0.1 at 2013-04-27 16:32:14 -0700
Served asset /jquery.js - 304 Not Modified (0ms)


Started GET "/assets/registration.js?body=1" for 127.0.0.1 at 2013-04-27 16:32:14 -0700
Served asset /registration.js - 304 Not Modified (0ms)


Started GET "/assets/users.js?body=1" for 127.0.0.1 at 2013-04-27 16:32:14 -0700
Served asset /users.js - 304 Not Modified (0ms)


Started GET "/assets/static_pages.js?body=1" for 127.0.0.1 at 2013-04-27 16:32:14 -0700
Served asset /static_pages.js - 304 Not Modified (0ms)


Started POST "/users" for 127.0.0.1 at 2013-04-27 16:32:16 -0700
Processing by RegistrationController#create as JS
  Parameters: {"utf8"=>"✓", "authenticity_token"=>"GLZo8USSH8y1Wb9HhiqeSuPmJ0O4GsuTr41agMIkp9g=", "user"=>{"home_value"=>"$300,000-$500,000"}}
  [1m[36m (0.6ms)[0m  [1mBEGIN[0m
  [1m[35mSQL (124.0ms)[0m  INSERT INTO "users" ("created_at", "current_sign_in_at", "current_sign_in_ip", "email", "encrypted_password", "home_value", "last_sign_in_at", "last_sign_in_ip", "mortgage_balance", "name", "phone", "remember_created_at", "reset_password_sent_at", "reset_password_token", "sign_in_count", "updated_at", "zipcode") VALUES ($1, $2, $3, $4, $5, $6, $7, $8, $9, $10, $11, $12, $13, $14, $15, $16, $17) RETURNING "id"  [["created_at", Sat, 27 Apr 2013 23:32:16 UTC +00:00], ["current_sign_in_at", nil], ["current_sign_in_ip", nil], ["email", nil], ["encrypted_password", ""], ["home_value", "$300,000-$500,000"], ["last_sign_in_at", nil], ["last_sign_in_ip", nil], ["mortgage_balance", nil], ["name", nil], ["phone", nil], ["remember_created_at", nil], ["reset_password_sent_at", nil], ["reset_password_token", nil], ["sign_in_count", 0], ["updated_at", Sat, 27 Apr 2013 23:32:16 UTC +00:00], ["zipcode", nil]]
  [1m[36m (2.4ms)[0m  [1mCOMMIT[0m
  [1m[35m (0.7ms)[0m  BEGIN
  [1m[36m (21.6ms)[0m  [1mUPDATE "users" SET "last_sign_in_at" = '2013-04-27 23:32:16.367638', "current_sign_in_at" = '2013-04-27 23:32:16.367638', "last_sign_in_ip" = '127.0.0.1', "current_sign_in_ip" = '127.0.0.1', "sign_in_count" = 1, "updated_at" = '2013-04-27 23:32:16.369300' WHERE "users"."id" = 108[0m
  [1m[35m (2.3ms)[0m  COMMIT
  Rendered registration/create.js.erb (0.7ms)
Completed 200 OK in 180ms (Views: 20.4ms | ActiveRecord: 152.1ms)


Started PUT "/users/108" for 127.0.0.1 at 2013-04-27 16:32:18 -0700
Processing by UsersController#update as JS
  Parameters: {"utf8"=>"✓", "authenticity_token"=>"GLZo8USSH8y1Wb9HhiqeSuPmJ0O4GsuTr41agMIkp9g=", "user"=>{"mortgage_balance"=>"$300,000-$500,000"}, "id"=>"108"}
  [1m[36mUser Load (1.4ms)[0m  [1mSELECT "users".* FROM "users" WHERE "users"."id" = $1 LIMIT 1[0m  [["id", "108"]]
  [1m[35m (0.2ms)[0m  BEGIN
  [1m[36m (0.4ms)[0m  [1mUPDATE "users" SET "mortgage_balance" = '$300,000-$500,000', "updated_at" = '2013-04-27 23:32:18.290535' WHERE "users"."id" = 108[0m
  [1m[35m (1.2ms)[0m  COMMIT
  [1m[36mUser Load (0.8ms)[0m  [1mSELECT "users".* FROM "users" WHERE "users"."id" = 108 LIMIT 1[0m
  Rendered users/update.js.erb (37.9ms)
Completed 200 OK in 60ms (Views: 50.5ms | ActiveRecord: 4.0ms)


Started PUT "/users/108" for 127.0.0.1 at 2013-04-27 16:32:21 -0700
Processing by UsersController#update as JS
  Parameters: {"utf8"=>"✓", "authenticity_token"=>"GLZo8USSH8y1Wb9HhiqeSuPmJ0O4GsuTr41agMIkp9g=", "user"=>{"zipcode"=>"11122"}, "commit"=>"Calculate Quote", "id"=>"108"}
  [1m[35mUser Load (0.4ms)[0m  SELECT "users".* FROM "users" WHERE "users"."id" = $1 LIMIT 1  [["id", "108"]]
  [1m[36m (0.1ms)[0m  [1mBEGIN[0m
  [1m[35m (1.9ms)[0m  UPDATE "users" SET "zipcode" = '11122', "updated_at" = '2013-04-27 23:32:21.670636' WHERE "users"."id" = 108
  [1m[36m (16.3ms)[0m  [1mCOMMIT[0m
  [1m[35mUser Load (1.0ms)[0m  SELECT "users".* FROM "users" WHERE "users"."id" = 108 LIMIT 1
  Rendered users/update.js.erb (1.8ms)
Completed 200 OK in 26ms (Views: 3.1ms | ActiveRecord: 19.7ms)


Started PUT "/users/108" for 127.0.0.1 at 2013-04-27 16:32:21 -0700
Processing by UsersController#update as JS
  Parameters: {"utf8"=>"✓", "authenticity_token"=>"GLZo8USSH8y1Wb9HhiqeSuPmJ0O4GsuTr41agMIkp9g=", "user"=>{"zipcode"=>"11122"}, "commit"=>"Calculate Quote", "id"=>"108"}
  [1m[36mUser Load (0.5ms)[0m  [1mSELECT "users".* FROM "users" WHERE "users"."id" = $1 LIMIT 1[0m  [["id", "108"]]
  [1m[35m (0.2ms)[0m  BEGIN
  [1m[36m (0.2ms)[0m  [1mCOMMIT[0m
  [1m[35mUser Load (0.6ms)[0m  SELECT "users".* FROM "users" WHERE "users"."id" = 108 LIMIT 1
  Rendered users/update.js.erb (1.6ms)
Completed 200 OK in 8ms (Views: 3.7ms | ActiveRecord: 1.5ms)


Started PUT "/users/108" for 127.0.0.1 at 2013-04-27 16:32:27 -0700
Processing by UsersController#update as JS
  Parameters: {"utf8"=>"✓", "authenticity_token"=>"GLZo8USSH8y1Wb9HhiqeSuPmJ0O4GsuTr41agMIkp9g=", "user"=>{"email"=>"1@1.com", "phone"=>"1112223333"}, "commit"=>"Claim your Free eBook", "id"=>"108"}
  [1m[36mUser Load (2.4ms)[0m  [1mSELECT "users".* FROM "users" WHERE "users"."id" = $1 LIMIT 1[0m  [["id", "108"]]
  [1m[35m (0.4ms)[0m  BEGIN
  [1m[36m (0.4ms)[0m  [1mUPDATE "users" SET "email" = '1@1.com', "phone" = '1112223333', "updated_at" = '2013-04-27 23:32:27.969240' WHERE "users"."id" = 108[0m
  [1m[35m (2.0ms)[0m  COMMIT
  [1m[36mUser Load (0.5ms)[0m  [1mSELECT "users".* FROM "users" WHERE "users"."id" = 108 LIMIT 1[0m
  Rendered users/update.js.erb (1.4ms)
Completed 200 OK in 12ms (Views: 3.9ms | ActiveRecord: 5.7ms)


Started PUT "/users/108" for 127.0.0.1 at 2013-04-27 16:32:27 -0700
Processing by UsersController#update as JS
  Parameters: {"utf8"=>"✓", "authenticity_token"=>"GLZo8USSH8y1Wb9HhiqeSuPmJ0O4GsuTr41agMIkp9g=", "user"=>{"email"=>"1@1.com", "phone"=>"1112223333"}, "commit"=>"Claim your Free eBook", "id"=>"108"}
  [1m[35mUser Load (0.4ms)[0m  SELECT "users".* FROM "users" WHERE "users"."id" = $1 LIMIT 1  [["id", "108"]]
  [1m[36m (0.1ms)[0m  [1mBEGIN[0m
  [1m[35m (0.1ms)[0m  COMMIT
  [1m[36mUser Load (0.5ms)[0m  [1mSELECT "users".* FROM "users" WHERE "users"."id" = 108 LIMIT 1[0m
  Rendered users/update.js.erb (1.4ms)
Completed 200 OK in 6ms (Views: 2.9ms | ActiveRecord: 1.2ms)


Started PUT "/users/108" for 127.0.0.1 at 2013-04-27 16:32:32 -0700
Processing by UsersController#update as HTML
  Parameters: {"utf8"=>"✓", "authenticity_token"=>"GLZo8USSH8y1Wb9HhiqeSuPmJ0O4GsuTr41agMIkp9g=", "user"=>{"name"=>"sam"}, "commit"=>"Request eBook", "id"=>"108"}
  [1m[35mUser Load (0.4ms)[0m  SELECT "users".* FROM "users" WHERE "users"."id" = $1 LIMIT 1  [["id", "108"]]
  [1m[36m (0.1ms)[0m  [1mBEGIN[0m
  [1m[35m (0.4ms)[0m  UPDATE "users" SET "name" = 'sam', "updated_at" = '2013-04-27 23:32:32.508716' WHERE "users"."id" = 108
  [1m[36m (20.8ms)[0m  [1mCOMMIT[0m
Redirected to http://localhost:3000/logout
Completed 302 Found in 25ms (ActiveRecord: 21.8ms)


Started GET "/logout" for 127.0.0.1 at 2013-04-27 16:32:32 -0700
Processing by Devise::SessionsController#destroy as HTML
  [1m[35mUser Load (1.0ms)[0m  SELECT "users".* FROM "users" WHERE "users"."id" = 108 LIMIT 1
  [1m[36m (0.2ms)[0m  [1mBEGIN[0m
  [1m[35m (0.2ms)[0m  COMMIT
Redirected to http://localhost:3000/thanks
Completed 302 Found in 20ms (ActiveRecord: 1.4ms)


Started GET "/thanks" for 127.0.0.1 at 2013-04-27 16:32:32 -0700
Processing by StaticPagesController#thanks as HTML
  Rendered static_pages/thanks.html.erb within layouts/application (0.6ms)
Completed 200 OK in 35ms (Views: 34.5ms | ActiveRecord: 0.0ms)


Started GET "/assets/scaffolds.css?body=1" for 127.0.0.1 at 2013-04-27 16:32:32 -0700
Served asset /scaffolds.css - 304 Not Modified (0ms)


Started GET "/assets/registration.css?body=1" for 127.0.0.1 at 2013-04-27 16:32:32 -0700
Served asset /registration.css - 304 Not Modified (0ms)


Started GET "/assets/static_pages.css?body=1" for 127.0.0.1 at 2013-04-27 16:32:32 -0700
Served asset /static_pages.css - 304 Not Modified (0ms)


Started GET "/assets/users.css?body=1" for 127.0.0.1 at 2013-04-27 16:32:32 -0700
Served asset /users.css - 304 Not Modified (0ms)


Started GET "/assets/jquery_ujs.js?body=1" for 127.0.0.1 at 2013-04-27 16:32:32 -0700
Served asset /jquery_ujs.js - 304 Not Modified (0ms)


Started GET "/assets/jquery.js?body=1" for 127.0.0.1 at 2013-04-27 16:32:32 -0700
Served asset /jquery.js - 304 Not Modified (0ms)


Started GET "/assets/static_pages.js?body=1" for 127.0.0.1 at 2013-04-27 16:32:32 -0700
Served asset /static_pages.js - 304 Not Modified (0ms)


Started GET "/assets/registration.js?body=1" for 127.0.0.1 at 2013-04-27 16:32:32 -0700
Served asset /registration.js - 304 Not Modified (0ms)


Started GET "/assets/users.js?body=1" for 127.0.0.1 at 2013-04-27 16:32:32 -0700
Served asset /users.js - 304 Not Modified (0ms)
Connecting to database specified by database.yml
DEPRECATION WARNING: Passing a block to devise_for is deprecated. Please remove the block from devise_for (only the block, the call to devise_for must still exist) and call devise_scope :user do ... end with the block instead. (called from block in <top (required)> at /Users/abhiramesh/rails_projects/mortgage_4/config/routes.rb:3)


Started GET "/thanks" for 127.0.0.1 at 2013-04-27 16:33:01 -0700
Processing by StaticPagesController#thanks as HTML
  Rendered static_pages/thanks.html.erb within layouts/application (2.3ms)
Connecting to database specified by database.yml
Completed 200 OK in 96ms (Views: 95.7ms | ActiveRecord: 0.0ms)


Started GET "/assets/registration.css?body=1" for 127.0.0.1 at 2013-04-27 16:33:01 -0700
Served asset /registration.css - 304 Not Modified (8ms)


Started GET "/assets/scaffolds.css?body=1" for 127.0.0.1 at 2013-04-27 16:33:01 -0700
Served asset /scaffolds.css - 304 Not Modified (8ms)


Started GET "/assets/static_pages.css?body=1" for 127.0.0.1 at 2013-04-27 16:33:01 -0700
Served asset /static_pages.css - 304 Not Modified (70ms)


Started GET "/assets/users.css?body=1" for 127.0.0.1 at 2013-04-27 16:33:01 -0700
Served asset /users.css - 304 Not Modified (20ms)


Started GET "/assets/jquery.js?body=1" for 127.0.0.1 at 2013-04-27 16:33:01 -0700
Served asset /jquery.js - 304 Not Modified (4ms)


Started GET "/assets/jquery_ujs.js?body=1" for 127.0.0.1 at 2013-04-27 16:33:01 -0700
Served asset /jquery_ujs.js - 304 Not Modified (6ms)


Started GET "/assets/registration.js?body=1" for 127.0.0.1 at 2013-04-27 16:33:01 -0700
Served asset /registration.js - 304 Not Modified (2ms)


Started GET "/assets/static_pages.js?body=1" for 127.0.0.1 at 2013-04-27 16:33:01 -0700
Served asset /static_pages.js - 304 Not Modified (17ms)


Started GET "/assets/users.js?body=1" for 127.0.0.1 at 2013-04-27 16:33:01 -0700
DEPRECATION WARNING: Passing a block to devise_for is deprecated. Please remove the block from devise_for (only the block, the call to devise_for must still exist) and call devise_scope :user do ... end with the block instead. (called from block in <top (required)> at /Users/abhiramesh/rails_projects/mortgage_4/config/routes.rb:3)
Served asset /users.js - 304 Not Modified (9ms)


Started GET "/" for 127.0.0.1 at 2013-04-27 16:33:04 -0700
Processing by StaticPagesController#home as HTML
  Rendered users/_form2.html.erb (1.5ms)
  Rendered users/_form3.html.erb (8.2ms)
  Rendered users/_form4.html.erb (2.6ms)
  Rendered users/_form5.html.erb (1.6ms)
  Rendered static_pages/home.html.erb within layouts/application (21.4ms)
Completed 200 OK in 116ms (Views: 27.7ms | ActiveRecord: 9.8ms)


Started GET "/assets/registration.css?body=1" for 127.0.0.1 at 2013-04-27 16:33:04 -0700
Served asset /registration.css - 304 Not Modified (0ms)


Started GET "/assets/static_pages.css?body=1" for 127.0.0.1 at 2013-04-27 16:33:04 -0700
Served asset /static_pages.css - 304 Not Modified (0ms)


Started GET "/assets/jquery.js?body=1" for 127.0.0.1 at 2013-04-27 16:33:04 -0700
Served asset /jquery.js - 304 Not Modified (0ms)


Started GET "/assets/jquery_ujs.js?body=1" for 127.0.0.1 at 2013-04-27 16:33:04 -0700
Served asset /jquery_ujs.js - 304 Not Modified (0ms)


Started GET "/assets/scaffolds.css?body=1" for 127.0.0.1 at 2013-04-27 16:33:04 -0700
Served asset /scaffolds.css - 304 Not Modified (0ms)


Started GET "/assets/users.css?body=1" for 127.0.0.1 at 2013-04-27 16:33:04 -0700
Served asset /users.css - 304 Not Modified (0ms)


Started GET "/assets/static_pages.js?body=1" for 127.0.0.1 at 2013-04-27 16:33:05 -0700
Served asset /static_pages.js - 304 Not Modified (0ms)


Started GET "/assets/registration.js?body=1" for 127.0.0.1 at 2013-04-27 16:33:05 -0700
Served asset /registration.js - 304 Not Modified (0ms)


Started GET "/assets/users.js?body=1" for 127.0.0.1 at 2013-04-27 16:33:05 -0700
Served asset /users.js - 304 Not Modified (0ms)


Started POST "/users" for 127.0.0.1 at 2013-04-27 16:33:07 -0700
Processing by RegistrationController#create as JS
  Parameters: {"utf8"=>"✓", "authenticity_token"=>"jSdd7uNdWkQ1d/ckcE3c78b+Ktn8RkmYhEtiMKnYUyw=", "user"=>{"home_value"=>"$150,000-$300,000"}}
  [1m[36m (0.4ms)[0m  [1mBEGIN[0m
  [1m[35mSQL (18.2ms)[0m  INSERT INTO "users" ("created_at", "current_sign_in_at", "current_sign_in_ip", "email", "encrypted_password", "home_value", "last_sign_in_at", "last_sign_in_ip", "mortgage_balance", "name", "phone", "remember_created_at", "reset_password_sent_at", "reset_password_token", "sign_in_count", "updated_at", "zipcode") VALUES ($1, $2, $3, $4, $5, $6, $7, $8, $9, $10, $11, $12, $13, $14, $15, $16, $17) RETURNING "id"  [["created_at", Sat, 27 Apr 2013 23:33:07 UTC +00:00], ["current_sign_in_at", nil], ["current_sign_in_ip", nil], ["email", nil], ["encrypted_password", ""], ["home_value", "$150,000-$300,000"], ["last_sign_in_at", nil], ["last_sign_in_ip", nil], ["mortgage_balance", nil], ["name", nil], ["phone", nil], ["remember_created_at", nil], ["reset_password_sent_at", nil], ["reset_password_token", nil], ["sign_in_count", 0], ["updated_at", Sat, 27 Apr 2013 23:33:07 UTC +00:00], ["zipcode", nil]]
  [1m[36m (10.6ms)[0m  [1mCOMMIT[0m
  [1m[35m (0.2ms)[0m  BEGIN
  [1m[36m (1.0ms)[0m  [1mUPDATE "users" SET "last_sign_in_at" = '2013-04-27 23:33:07.738148', "current_sign_in_at" = '2013-04-27 23:33:07.738148', "last_sign_in_ip" = '127.0.0.1', "current_sign_in_ip" = '127.0.0.1', "sign_in_count" = 1, "updated_at" = '2013-04-27 23:33:07.740011' WHERE "users"."id" = 1[0m
  [1m[35m (1.3ms)[0m  COMMIT
  Rendered registration/create.js.erb (0.6ms)
Completed 200 OK in 61ms (Views: 7.0ms | ActiveRecord: 32.1ms)


Started PUT "/users/1" for 127.0.0.1 at 2013-04-27 16:33:19 -0700
Processing by UsersController#update as JS
  Parameters: {"utf8"=>"✓", "authenticity_token"=>"jSdd7uNdWkQ1d/ckcE3c78b+Ktn8RkmYhEtiMKnYUyw=", "user"=>{"mortgage_balance"=>"$150,000-$300,000"}, "id"=>"1"}
  [1m[36mUser Load (1.0ms)[0m  [1mSELECT "users".* FROM "users" WHERE "users"."id" = $1 LIMIT 1[0m  [["id", "1"]]
  [1m[35m (0.4ms)[0m  BEGIN
  [1m[36m (0.4ms)[0m  [1mUPDATE "users" SET "mortgage_balance" = '$150,000-$300,000', "updated_at" = '2013-04-27 23:33:19.079378' WHERE "users"."id" = 1[0m
  [1m[35m (4.4ms)[0m  COMMIT
  [1m[36mUser Load (0.7ms)[0m  [1mSELECT "users".* FROM "users" WHERE "users"."id" = 1 LIMIT 1[0m
  Rendered users/update.js.erb (8.8ms)
Completed 200 OK in 23ms (Views: 10.9ms | ActiveRecord: 6.8ms)


Started PUT "/users/1" for 127.0.0.1 at 2013-04-27 16:33:23 -0700
Processing by UsersController#update as JS
  Parameters: {"utf8"=>"✓", "authenticity_token"=>"jSdd7uNdWkQ1d/ckcE3c78b+Ktn8RkmYhEtiMKnYUyw=", "user"=>{"zipcode"=>"11122"}, "commit"=>"Calculate Quote", "id"=>"1"}
  [1m[35mUser Load (0.5ms)[0m  SELECT "users".* FROM "users" WHERE "users"."id" = $1 LIMIT 1  [["id", "1"]]
  [1m[36m (0.1ms)[0m  [1mBEGIN[0m
  [1m[35m (2.0ms)[0m  UPDATE "users" SET "zipcode" = '11122', "updated_at" = '2013-04-27 23:33:23.321006' WHERE "users"."id" = 1
  [1m[36m (2.6ms)[0m  [1mCOMMIT[0m
  [1m[35mUser Load (0.6ms)[0m  SELECT "users".* FROM "users" WHERE "users"."id" = 1 LIMIT 1
  Rendered users/update.js.erb (1.5ms)
Completed 200 OK in 14ms (Views: 4.0ms | ActiveRecord: 5.8ms)


Started PUT "/users/1" for 127.0.0.1 at 2013-04-27 16:33:23 -0700
Processing by UsersController#update as JS
  Parameters: {"utf8"=>"✓", "authenticity_token"=>"jSdd7uNdWkQ1d/ckcE3c78b+Ktn8RkmYhEtiMKnYUyw=", "user"=>{"zipcode"=>"11122"}, "commit"=>"Calculate Quote", "id"=>"1"}
  [1m[36mUser Load (0.5ms)[0m  [1mSELECT "users".* FROM "users" WHERE "users"."id" = $1 LIMIT 1[0m  [["id", "1"]]
  [1m[35m (0.2ms)[0m  BEGIN
  [1m[36m (0.2ms)[0m  [1mCOMMIT[0m
  [1m[35mUser Load (0.6ms)[0m  SELECT "users".* FROM "users" WHERE "users"."id" = 1 LIMIT 1
  Rendered users/update.js.erb (1.9ms)
Completed 200 OK in 8ms (Views: 3.9ms | ActiveRecord: 1.4ms)


Started PUT "/users/1" for 127.0.0.1 at 2013-04-27 16:33:27 -0700
Processing by UsersController#update as JS
  Parameters: {"utf8"=>"✓", "authenticity_token"=>"jSdd7uNdWkQ1d/ckcE3c78b+Ktn8RkmYhEtiMKnYUyw=", "user"=>{"email"=>"aa@a.com", "phone"=>"1112223344"}, "commit"=>"Claim your Free eBook", "id"=>"1"}
  [1m[36mUser Load (1.9ms)[0m  [1mSELECT "users".* FROM "users" WHERE "users"."id" = $1 LIMIT 1[0m  [["id", "1"]]
  [1m[35m (0.3ms)[0m  BEGIN
  [1m[36m (0.5ms)[0m  [1mUPDATE "users" SET "email" = 'aa@a.com', "phone" = '1112223344', "updated_at" = '2013-04-27 23:33:27.726002' WHERE "users"."id" = 1[0m
  [1m[35m (10.3ms)[0m  COMMIT
  [1m[36mUser Load (0.5ms)[0m  [1mSELECT "users".* FROM "users" WHERE "users"."id" = 1 LIMIT 1[0m
  Rendered users/update.js.erb (1.2ms)
Completed 200 OK in 19ms (Views: 2.8ms | ActiveRecord: 13.4ms)


Started PUT "/users/1" for 127.0.0.1 at 2013-04-27 16:33:27 -0700
Processing by UsersController#update as JS
  Parameters: {"utf8"=>"✓", "authenticity_token"=>"jSdd7uNdWkQ1d/ckcE3c78b+Ktn8RkmYhEtiMKnYUyw=", "user"=>{"email"=>"aa@a.com", "phone"=>"1112223344"}, "commit"=>"Claim your Free eBook", "id"=>"1"}
  [1m[35mUser Load (0.5ms)[0m  SELECT "users".* FROM "users" WHERE "users"."id" = $1 LIMIT 1  [["id", "1"]]
  [1m[36m (0.2ms)[0m  [1mBEGIN[0m
  [1m[35m (0.3ms)[0m  COMMIT
  [1m[36mUser Load (0.6ms)[0m  [1mSELECT "users".* FROM "users" WHERE "users"."id" = 1 LIMIT 1[0m
  Rendered users/update.js.erb (1.5ms)
Completed 200 OK in 7ms (Views: 3.4ms | ActiveRecord: 1.6ms)


Started PUT "/users/1" for 127.0.0.1 at 2013-04-27 16:33:29 -0700
Processing by UsersController#update as HTML
  Parameters: {"utf8"=>"✓", "authenticity_token"=>"jSdd7uNdWkQ1d/ckcE3c78b+Ktn8RkmYhEtiMKnYUyw=", "user"=>{"name"=>"aas"}, "commit"=>"Request eBook", "id"=>"1"}
  [1m[35mUser Load (0.4ms)[0m  SELECT "users".* FROM "users" WHERE "users"."id" = $1 LIMIT 1  [["id", "1"]]
  [1m[36m (0.1ms)[0m  [1mBEGIN[0m
  [1m[35m (0.5ms)[0m  UPDATE "users" SET "name" = 'aas', "updated_at" = '2013-04-27 23:33:29.176612' WHERE "users"."id" = 1
  [1m[36m (1.4ms)[0m  [1mCOMMIT[0m
Redirected to http://localhost:3000/logout
Completed 302 Found in 5ms (ActiveRecord: 2.4ms)


Started GET "/logout" for 127.0.0.1 at 2013-04-27 16:33:29 -0700
Processing by Devise::SessionsController#destroy as HTML
  [1m[35mUser Load (1.0ms)[0m  SELECT "users".* FROM "users" WHERE "users"."id" = 1 LIMIT 1
  [1m[36m (0.3ms)[0m  [1mBEGIN[0m
  [1m[35m (0.1ms)[0m  COMMIT
Redirected to http://localhost:3000/thanks
Completed 302 Found in 44ms (ActiveRecord: 1.5ms)


Started GET "/thanks" for 127.0.0.1 at 2013-04-27 16:33:29 -0700
Processing by StaticPagesController#thanks as HTML
  Rendered static_pages/thanks.html.erb within layouts/application (0.1ms)
Completed 200 OK in 7ms (Views: 6.7ms | ActiveRecord: 0.0ms)


Started GET "/assets/registration.css?body=1" for 127.0.0.1 at 2013-04-27 16:33:29 -0700
Served asset /registration.css - 304 Not Modified (0ms)


Started GET "/assets/users.css?body=1" for 127.0.0.1 at 2013-04-27 16:33:29 -0700
Served asset /users.css - 304 Not Modified (0ms)


Started GET "/assets/scaffolds.css?body=1" for 127.0.0.1 at 2013-04-27 16:33:29 -0700
Served asset /scaffolds.css - 304 Not Modified (0ms)


Started GET "/assets/static_pages.css?body=1" for 127.0.0.1 at 2013-04-27 16:33:29 -0700
Served asset /static_pages.css - 304 Not Modified (0ms)


Started GET "/assets/jquery.js?body=1" for 127.0.0.1 at 2013-04-27 16:33:29 -0700
Served asset /jquery.js - 304 Not Modified (0ms)


Started GET "/assets/jquery_ujs.js?body=1" for 127.0.0.1 at 2013-04-27 16:33:29 -0700
Served asset /jquery_ujs.js - 304 Not Modified (0ms)


Started GET "/assets/registration.js?body=1" for 127.0.0.1 at 2013-04-27 16:33:29 -0700
Served asset /registration.js - 304 Not Modified (0ms)


Started GET "/assets/static_pages.js?body=1" for 127.0.0.1 at 2013-04-27 16:33:29 -0700
Served asset /static_pages.js - 304 Not Modified (0ms)


Started GET "/assets/users.js?body=1" for 127.0.0.1 at 2013-04-27 16:33:29 -0700
Served asset /users.js - 304 Not Modified (0ms)


Started GET "/logout" for 127.0.0.1 at 2013-04-27 16:33:40 -0700
Processing by Devise::SessionsController#destroy as HTML
Redirected to http://localhost:3000/
Completed 302 Found in 1ms (ActiveRecord: 0.0ms)


Started GET "/" for 127.0.0.1 at 2013-04-27 16:33:40 -0700
Processing by StaticPagesController#home as HTML
  Rendered users/_form2.html.erb (1.1ms)
  Rendered users/_form3.html.erb (1.4ms)
  Rendered users/_form4.html.erb (2.5ms)
  Rendered users/_form5.html.erb (0.9ms)
  Rendered static_pages/home.html.erb within layouts/application (9.9ms)
Completed 200 OK in 16ms (Views: 15.8ms | ActiveRecord: 0.0ms)


Started GET "/assets/registration.css?body=1" for 127.0.0.1 at 2013-04-27 16:33:40 -0700
Served asset /registration.css - 304 Not Modified (0ms)


Started GET "/assets/users.css?body=1" for 127.0.0.1 at 2013-04-27 16:33:40 -0700
Served asset /users.css - 304 Not Modified (0ms)


Started GET "/assets/static_pages.css?body=1" for 127.0.0.1 at 2013-04-27 16:33:40 -0700
Served asset /static_pages.css - 304 Not Modified (0ms)


Started GET "/assets/scaffolds.css?body=1" for 127.0.0.1 at 2013-04-27 16:33:40 -0700
Served asset /scaffolds.css - 304 Not Modified (0ms)


Started GET "/assets/jquery_ujs.js?body=1" for 127.0.0.1 at 2013-04-27 16:33:40 -0700
Served asset /jquery_ujs.js - 304 Not Modified (0ms)


Started GET "/assets/jquery.js?body=1" for 127.0.0.1 at 2013-04-27 16:33:40 -0700
Served asset /jquery.js - 304 Not Modified (0ms)


Started GET "/assets/registration.js?body=1" for 127.0.0.1 at 2013-04-27 16:33:40 -0700
Served asset /registration.js - 304 Not Modified (0ms)


Started GET "/assets/static_pages.js?body=1" for 127.0.0.1 at 2013-04-27 16:33:40 -0700
Served asset /static_pages.js - 304 Not Modified (0ms)


Started GET "/assets/users.js?body=1" for 127.0.0.1 at 2013-04-27 16:33:40 -0700
Served asset /users.js - 304 Not Modified (0ms)


Started GET "/" for 127.0.0.1 at 2013-04-27 16:37:13 -0700
Processing by StaticPagesController#home as HTML
  Rendered users/_form2.html.erb (0.8ms)
  Rendered users/_form3.html.erb (1.4ms)
  Rendered users/_form4.html.erb (2.2ms)
  Rendered users/_form5.html.erb (1.8ms)
  Rendered static_pages/home.html.erb within layouts/application (11.9ms)
Completed 200 OK in 19ms (Views: 18.4ms | ActiveRecord: 0.0ms)


Started GET "/assets/registration.css?body=1" for 127.0.0.1 at 2013-04-27 16:37:13 -0700
Served asset /registration.css - 304 Not Modified (0ms)


Started GET "/assets/scaffolds.css?body=1" for 127.0.0.1 at 2013-04-27 16:37:13 -0700
Served asset /scaffolds.css - 304 Not Modified (1ms)


Started GET "/assets/static_pages.css?body=1" for 127.0.0.1 at 2013-04-27 16:37:13 -0700
Served asset /static_pages.css - 304 Not Modified (0ms)


Started GET "/assets/jquery.js?body=1" for 127.0.0.1 at 2013-04-27 16:37:13 -0700
Served asset /jquery.js - 304 Not Modified (0ms)


Started GET "/assets/users.css?body=1" for 127.0.0.1 at 2013-04-27 16:37:13 -0700
Served asset /users.css - 304 Not Modified (0ms)


Started GET "/assets/jquery_ujs.js?body=1" for 127.0.0.1 at 2013-04-27 16:37:13 -0700
Served asset /jquery_ujs.js - 304 Not Modified (0ms)


Started GET "/assets/registration.js?body=1" for 127.0.0.1 at 2013-04-27 16:37:13 -0700
Served asset /registration.js - 304 Not Modified (0ms)


Started GET "/assets/static_pages.js?body=1" for 127.0.0.1 at 2013-04-27 16:37:13 -0700
Served asset /static_pages.js - 304 Not Modified (0ms)


Started GET "/assets/users.js?body=1" for 127.0.0.1 at 2013-04-27 16:37:13 -0700
Served asset /users.js - 304 Not Modified (0ms)


Started POST "/users" for 127.0.0.1 at 2013-04-27 16:37:14 -0700
Processing by RegistrationController#create as JS
  Parameters: {"utf8"=>"✓", "authenticity_token"=>"X7IkXzIMIxj1cIsX2SBl62jeYGMVgp3bihebw5Z1qUQ=", "user"=>{"home_value"=>"$500,000-$750,000"}}
  [1m[36m (0.5ms)[0m  [1mBEGIN[0m
  [1m[35mSQL (0.5ms)[0m  INSERT INTO "users" ("created_at", "current_sign_in_at", "current_sign_in_ip", "email", "encrypted_password", "home_value", "last_sign_in_at", "last_sign_in_ip", "mortgage_balance", "name", "phone", "remember_created_at", "reset_password_sent_at", "reset_password_token", "sign_in_count", "updated_at", "zipcode") VALUES ($1, $2, $3, $4, $5, $6, $7, $8, $9, $10, $11, $12, $13, $14, $15, $16, $17) RETURNING "id"  [["created_at", Sat, 27 Apr 2013 23:37:14 UTC +00:00], ["current_sign_in_at", nil], ["current_sign_in_ip", nil], ["email", nil], ["encrypted_password", ""], ["home_value", "$500,000-$750,000"], ["last_sign_in_at", nil], ["last_sign_in_ip", nil], ["mortgage_balance", nil], ["name", nil], ["phone", nil], ["remember_created_at", nil], ["reset_password_sent_at", nil], ["reset_password_token", nil], ["sign_in_count", 0], ["updated_at", Sat, 27 Apr 2013 23:37:14 UTC +00:00], ["zipcode", nil]]
  [1m[36m (1.6ms)[0m  [1mCOMMIT[0m
  [1m[35m (0.1ms)[0m  BEGIN
  [1m[36m (0.4ms)[0m  [1mUPDATE "users" SET "last_sign_in_at" = '2013-04-27 23:37:14.854521', "current_sign_in_at" = '2013-04-27 23:37:14.854521', "last_sign_in_ip" = '127.0.0.1', "current_sign_in_ip" = '127.0.0.1', "sign_in_count" = 1, "updated_at" = '2013-04-27 23:37:14.855103' WHERE "users"."id" = 2[0m
  [1m[35m (40.1ms)[0m  COMMIT
  Rendered registration/create.js.erb (0.1ms)
Completed 200 OK in 53ms (Views: 5.7ms | ActiveRecord: 43.3ms)


Started PUT "/users/2" for 127.0.0.1 at 2013-04-27 16:37:15 -0700
Processing by UsersController#update as JS
  Parameters: {"utf8"=>"✓", "authenticity_token"=>"X7IkXzIMIxj1cIsX2SBl62jeYGMVgp3bihebw5Z1qUQ=", "user"=>{"mortgage_balance"=>"$300,000-$500,000"}, "id"=>"2"}
  [1m[36mUser Load (0.7ms)[0m  [1mSELECT "users".* FROM "users" WHERE "users"."id" = $1 LIMIT 1[0m  [["id", "2"]]
  [1m[35m (0.2ms)[0m  BEGIN
  [1m[36m (0.7ms)[0m  [1mUPDATE "users" SET "mortgage_balance" = '$300,000-$500,000', "updated_at" = '2013-04-27 23:37:15.251459' WHERE "users"."id" = 2[0m
  [1m[35m (1.5ms)[0m  COMMIT
  [1m[36mUser Load (0.8ms)[0m  [1mSELECT "users".* FROM "users" WHERE "users"."id" = 2 LIMIT 1[0m
  Rendered users/update.js.erb (2.4ms)
Completed 200 OK in 10ms (Views: 3.6ms | ActiveRecord: 4.0ms)


Started PUT "/users/2" for 127.0.0.1 at 2013-04-27 16:37:18 -0700
Processing by UsersController#update as JS
  Parameters: {"utf8"=>"✓", "authenticity_token"=>"X7IkXzIMIxj1cIsX2SBl62jeYGMVgp3bihebw5Z1qUQ=", "user"=>{"zipcode"=>"11122"}, "commit"=>"Calculate Quote", "id"=>"2"}
  [1m[35mUser Load (0.4ms)[0m  SELECT "users".* FROM "users" WHERE "users"."id" = $1 LIMIT 1  [["id", "2"]]
  [1m[36m (0.5ms)[0m  [1mBEGIN[0m
  [1m[35m (0.8ms)[0m  UPDATE "users" SET "zipcode" = '11122', "updated_at" = '2013-04-27 23:37:18.023294' WHERE "users"."id" = 2
  [1m[36m (1.6ms)[0m  [1mCOMMIT[0m
  [1m[35mUser Load (0.4ms)[0m  SELECT "users".* FROM "users" WHERE "users"."id" = 2 LIMIT 1
  Rendered users/update.js.erb (1.1ms)
Completed 200 OK in 11ms (Views: 2.8ms | ActiveRecord: 3.6ms)


Started PUT "/users/2" for 127.0.0.1 at 2013-04-27 16:37:18 -0700
Processing by UsersController#update as JS
  Parameters: {"utf8"=>"✓", "authenticity_token"=>"X7IkXzIMIxj1cIsX2SBl62jeYGMVgp3bihebw5Z1qUQ=", "user"=>{"zipcode"=>"11122"}, "commit"=>"Calculate Quote", "id"=>"2"}
  [1m[36mUser Load (0.4ms)[0m  [1mSELECT "users".* FROM "users" WHERE "users"."id" = $1 LIMIT 1[0m  [["id", "2"]]
  [1m[35m (0.2ms)[0m  BEGIN
  [1m[36m (0.2ms)[0m  [1mCOMMIT[0m
  [1m[35mUser Load (0.7ms)[0m  SELECT "users".* FROM "users" WHERE "users"."id" = 2 LIMIT 1
  Rendered users/update.js.erb (2.0ms)
Completed 200 OK in 8ms (Views: 4.2ms | ActiveRecord: 1.5ms)


Started PUT "/users/2" for 127.0.0.1 at 2013-04-27 16:37:24 -0700
Processing by UsersController#update as JS
  Parameters: {"utf8"=>"✓", "authenticity_token"=>"X7IkXzIMIxj1cIsX2SBl62jeYGMVgp3bihebw5Z1qUQ=", "user"=>{"email"=>"a@aa.com"}, "commit"=>"Next", "id"=>"2"}
  [1m[36mUser Load (2.4ms)[0m  [1mSELECT "users".* FROM "users" WHERE "users"."id" = $1 LIMIT 1[0m  [["id", "2"]]
  [1m[35m (0.3ms)[0m  BEGIN
  [1m[36m (0.5ms)[0m  [1mUPDATE "users" SET "email" = 'a@aa.com', "updated_at" = '2013-04-27 23:37:24.883501' WHERE "users"."id" = 2[0m
  [1m[35m (1.5ms)[0m  COMMIT
  [1m[36mUser Load (0.6ms)[0m  [1mSELECT "users".* FROM "users" WHERE "users"."id" = 2 LIMIT 1[0m
  Rendered users/update.js.erb (1.2ms)
Completed 200 OK in 10ms (Views: 2.4ms | ActiveRecord: 5.4ms)


Started PUT "/users/2" for 127.0.0.1 at 2013-04-27 16:37:24 -0700
Processing by UsersController#update as JS
  Parameters: {"utf8"=>"✓", "authenticity_token"=>"X7IkXzIMIxj1cIsX2SBl62jeYGMVgp3bihebw5Z1qUQ=", "user"=>{"email"=>"a@aa.com"}, "commit"=>"Next", "id"=>"2"}
  [1m[35mUser Load (0.3ms)[0m  SELECT "users".* FROM "users" WHERE "users"."id" = $1 LIMIT 1  [["id", "2"]]
  [1m[36m (0.2ms)[0m  [1mBEGIN[0m
  [1m[35m (0.2ms)[0m  COMMIT
  [1m[36mUser Load (0.5ms)[0m  [1mSELECT "users".* FROM "users" WHERE "users"."id" = 2 LIMIT 1[0m
  Rendered users/update.js.erb (1.5ms)
Completed 200 OK in 6ms (Views: 3.3ms | ActiveRecord: 1.2ms)


Started GET "/logout" for 127.0.0.1 at 2013-04-27 16:37:33 -0700
Processing by Devise::SessionsController#destroy as HTML
  [1m[35mUser Load (0.7ms)[0m  SELECT "users".* FROM "users" WHERE "users"."id" = 2 LIMIT 1
  [1m[36m (0.3ms)[0m  [1mBEGIN[0m
  [1m[35m (0.1ms)[0m  COMMIT
Redirected to http://localhost:3000/
Completed 302 Found in 5ms (ActiveRecord: 1.1ms)


Started GET "/" for 127.0.0.1 at 2013-04-27 16:37:33 -0700
Processing by StaticPagesController#home as HTML
  Rendered users/_form2.html.erb (0.8ms)
  Rendered users/_form3.html.erb (1.1ms)
  Rendered users/_form4.html.erb (1.2ms)
  Rendered users/_form5.html.erb (1.4ms)
  Rendered static_pages/home.html.erb within layouts/application (7.6ms)
Completed 200 OK in 14ms (Views: 13.8ms | ActiveRecord: 0.0ms)


Started GET "/assets/static_pages.css?body=1" for 127.0.0.1 at 2013-04-27 16:37:33 -0700
Served asset /static_pages.css - 304 Not Modified (0ms)


Started GET "/assets/users.css?body=1" for 127.0.0.1 at 2013-04-27 16:37:33 -0700
Served asset /users.css - 304 Not Modified (0ms)


Started GET "/assets/scaffolds.css?body=1" for 127.0.0.1 at 2013-04-27 16:37:33 -0700
Served asset /scaffolds.css - 304 Not Modified (0ms)


Started GET "/assets/jquery.js?body=1" for 127.0.0.1 at 2013-04-27 16:37:33 -0700
Served asset /jquery.js - 304 Not Modified (0ms)


Started GET "/assets/jquery_ujs.js?body=1" for 127.0.0.1 at 2013-04-27 16:37:33 -0700
Served asset /jquery_ujs.js - 304 Not Modified (0ms)


Started GET "/assets/registration.css?body=1" for 127.0.0.1 at 2013-04-27 16:37:33 -0700
Served asset /registration.css - 304 Not Modified (0ms)


Started GET "/assets/registration.js?body=1" for 127.0.0.1 at 2013-04-27 16:37:33 -0700
Served asset /registration.js - 304 Not Modified (0ms)


Started GET "/assets/users.js?body=1" for 127.0.0.1 at 2013-04-27 16:37:33 -0700
Served asset /users.js - 304 Not Modified (0ms)


Started GET "/assets/static_pages.js?body=1" for 127.0.0.1 at 2013-04-27 16:37:33 -0700
Served asset /static_pages.js - 304 Not Modified (0ms)
