Compiled jquery.js  (2ms)  (pid 4900)
Compiled jquery_ujs.js  (0ms)  (pid 4900)
Compiled registration.js  (214ms)  (pid 4900)
Compiled static_pages.js  (82ms)  (pid 4900)
Compiled users.js  (140ms)  (pid 4900)
Compiled application.js  (530ms)  (pid 4900)
Compiled registration.css  (31ms)  (pid 4900)
Compiled scaffolds.css  (3380ms)  (pid 4900)
Compiled static_pages.css  (2ms)  (pid 4900)
Compiled users.css  (4ms)  (pid 4900)
Compiled application.css  (3474ms)  (pid 4900)
Compiled jquery.js  (2ms)  (pid 4900)
Compiled jquery_ujs.js  (0ms)  (pid 4900)
Compiled registration.js  (155ms)  (pid 4900)
Compiled static_pages.js  (80ms)  (pid 4900)
Compiled users.js  (362ms)  (pid 4900)
Compiled application.js  (738ms)  (pid 4900)
Compiled registration.css  (9ms)  (pid 4900)
Compiled scaffolds.css  (2248ms)  (pid 4900)
Compiled static_pages.css  (3ms)  (pid 4900)
Compiled users.css  (1ms)  (pid 4900)
Compiled application.css  (2300ms)  (pid 4900)
Compiled jquery.js  (2ms)  (pid 9343)
Compiled jquery_ujs.js  (0ms)  (pid 9343)
Compiled registration.js  (450ms)  (pid 9343)
Compiled static_pages.js  (270ms)  (pid 9343)
Compiled users.js  (235ms)  (pid 9343)
Compiled application.js  (1822ms)  (pid 9343)
Compiled registration.css  (11ms)  (pid 9343)
Compiled scaffolds.css  (4423ms)  (pid 9343)
Compiled static_pages.css  (2ms)  (pid 9343)
Compiled users.css  (1ms)  (pid 9343)
Compiled application.css  (4467ms)  (pid 9343)
Compiled jquery.js  (1ms)  (pid 9343)
Compiled jquery_ujs.js  (0ms)  (pid 9343)
Compiled registration.js  (159ms)  (pid 9343)
Compiled static_pages.js  (86ms)  (pid 9343)
Compiled users.js  (276ms)  (pid 9343)
Compiled application.js  (627ms)  (pid 9343)
Compiled registration.css  (7ms)  (pid 9343)
Compiled scaffolds.css  (1898ms)  (pid 9343)
Compiled static_pages.css  (1ms)  (pid 9343)
Compiled users.css  (1ms)  (pid 9343)
Compiled application.css  (1933ms)  (pid 9343)
Compiled jquery.js  (2ms)  (pid 18132)
Compiled jquery_ujs.js  (0ms)  (pid 18132)
Compiled registration.js  (465ms)  (pid 18132)
Compiled static_pages.js  (74ms)  (pid 18132)
Compiled users.js  (137ms)  (pid 18132)
Compiled application.js  (822ms)  (pid 18132)
Compiled registration.css  (85ms)  (pid 18132)
Compiled scaffolds.css  (1839ms)  (pid 18132)
Compiled static_pages.css  (1ms)  (pid 18132)
Compiled users.css  (1ms)  (pid 18132)
Compiled application.css  (1954ms)  (pid 18132)
Compiled jquery.js  (2ms)  (pid 18132)
Compiled jquery_ujs.js  (0ms)  (pid 18132)
Compiled registration.js  (73ms)  (pid 18132)
Compiled static_pages.js  (72ms)  (pid 18132)
Compiled users.js  (76ms)  (pid 18132)
Compiled application.js  (344ms)  (pid 18132)
Compiled registration.css  (7ms)  (pid 18132)
Compiled scaffolds.css  (1841ms)  (pid 18132)
Compiled static_pages.css  (2ms)  (pid 18132)
Compiled users.css  (1ms)  (pid 18132)
Compiled application.css  (1878ms)  (pid 18132)
Compiled jquery.js  (3ms)  (pid 18310)
Compiled jquery_ujs.js  (0ms)  (pid 18310)
Compiled registration.js  (148ms)  (pid 18310)
Compiled static_pages.js  (74ms)  (pid 18310)
Compiled users.js  (102ms)  (pid 18310)
Compiled application.js  (430ms)  (pid 18310)
Compiled registration.css  (51ms)  (pid 18310)
Compiled scaffolds.css  (1847ms)  (pid 18310)
Compiled static_pages.css  (1ms)  (pid 18310)
Compiled users.css  (1ms)  (pid 18310)
Compiled application.css  (1928ms)  (pid 18310)
Compiled jquery.js  (1ms)  (pid 18310)
Compiled jquery_ujs.js  (0ms)  (pid 18310)
Compiled registration.js  (72ms)  (pid 18310)
Compiled static_pages.js  (71ms)  (pid 18310)
Compiled users.js  (65ms)  (pid 18310)
Compiled application.js  (317ms)  (pid 18310)
Compiled registration.css  (9ms)  (pid 18310)
Compiled scaffolds.css  (1869ms)  (pid 18310)
Compiled static_pages.css  (2ms)  (pid 18310)
Compiled users.css  (2ms)  (pid 18310)
Compiled application.css  (1915ms)  (pid 18310)
Compiled jquery.js  (2ms)  (pid 18337)
Compiled jquery_ujs.js  (0ms)  (pid 18337)
Compiled registration.js  (71ms)  (pid 18337)
Compiled static_pages.js  (75ms)  (pid 18337)
Compiled users.js  (107ms)  (pid 18337)
Compiled application.js  (327ms)  (pid 18337)
Compiled registration.css  (7ms)  (pid 18337)
Compiled scaffolds.css  (1717ms)  (pid 18337)
Compiled static_pages.css  (2ms)  (pid 18337)
Compiled users.css  (1ms)  (pid 18337)
Compiled application.css  (1754ms)  (pid 18337)
Compiled jquery.js  (2ms)  (pid 18337)
Compiled jquery_ujs.js  (0ms)  (pid 18337)
Compiled registration.js  (68ms)  (pid 18337)
Compiled static_pages.js  (76ms)  (pid 18337)
Compiled users.js  (117ms)  (pid 18337)
Compiled application.js  (338ms)  (pid 18337)
Compiled registration.css  (7ms)  (pid 18337)
Compiled scaffolds.css  (1844ms)  (pid 18337)
Compiled static_pages.css  (2ms)  (pid 18337)
Compiled users.css  (1ms)  (pid 18337)
Compiled application.css  (1881ms)  (pid 18337)
Compiled jquery.js  (3ms)  (pid 18435)
Compiled jquery_ujs.js  (0ms)  (pid 18435)
Compiled registration.js  (938ms)  (pid 18435)
Compiled static_pages.js  (216ms)  (pid 18435)
Compiled users.js  (136ms)  (pid 18435)
Compiled application.js  (2229ms)  (pid 18435)
Compiled registration.css  (104ms)  (pid 18435)
Compiled scaffolds.css  (6091ms)  (pid 18435)
Compiled static_pages.css  (2ms)  (pid 18435)
Compiled users.css  (1ms)  (pid 18435)
Compiled application.css  (6474ms)  (pid 18435)
Compiled jquery.js  (1ms)  (pid 18435)
Compiled jquery_ujs.js  (0ms)  (pid 18435)
Compiled registration.js  (328ms)  (pid 18435)
Compiled static_pages.js  (285ms)  (pid 18435)
Compiled users.js  (520ms)  (pid 18435)
Compiled application.js  (1203ms)  (pid 18435)
Compiled registration.css  (225ms)  (pid 18435)
Compiled scaffolds.css  (3828ms)  (pid 18435)
Compiled static_pages.css  (2ms)  (pid 18435)
Compiled users.css  (1ms)  (pid 18435)
Compiled application.css  (4162ms)  (pid 18435)
